<?xml version="1.0" encoding="UTF-8"?>
<!-- Generated by org.testng.reporters.JUnitXMLReporter -->
<testsuite ignored="6" hostname="DESKTOP-50LD4CB" failures="1" tests="1" name="Default test(failed)" time="0.121" errors="0" timestamp="2023-03-27T23:53:20 IST">
  <testcase classname="testNG_Annotation.testAnnotations" name="f" time="0.0">
    <failure type="org.testng.TestNGException" message="
Method public void testNG_Annotation.testAnnotations.f() requires a @DataProvider named : dp">
      <![CDATA[org.testng.TestNGException: 
Method public void testNG_Annotation.testAnnotations.f() requires a @DataProvider named : dp
at java.base/java.util.ArrayList.forEach(ArrayList.java:1511)
... Removed 24 stack frames]]>
    </failure>
  </testcase> <!-- f -->
  <testcase classname="testNG_Annotation.testAnnotations" name="bhat" time="0.0">
    <ignored/>
  </testcase> <!-- bhat -->
  <testcase classname="testNG_Annotation.testAnnotations" name="rushi" time="0.0">
    <ignored/>
  </testcase> <!-- rushi -->
  <testcase classname="testNG_Annotation.testAnnotations" name="wakad" time="0.0">
    <ignored/>
  </testcase> <!-- wakad -->
  <testcase classname="testNG_Annotation.testAnnotations" name="g" time="0.0">
    <ignored/>
  </testcase> <!-- g -->
  <testcase classname="testNG_Annotation.testAnnotations" name="h" time="0.0">
    <ignored/>
  </testcase> <!-- h -->
  <testcase classname="testNG_Annotation.testAnnotations" name="i" time="0.0">
    <ignored/>
  </testcase> <!-- i -->
</testsuite> <!-- Default test(failed) -->
