<?xml version="1.0" encoding="UTF-8"?>
<!-- Generated by org.testng.reporters.JUnitXMLReporter -->
<testsuite ignored="0" hostname="DESKTOP-50LD4CB" failures="0" tests="9" name="Test" time="0.155" errors="0" timestamp="2023-03-31T23:34:42 IST">
  <testcase classname="testingFlag.Flage3_1" name="z" time="0.014"/>
  <testcase classname="testingFlag.Flage3_1" name="a" time="0.004"/>
  <testcase classname="testingFlag.Flage3_1" name="b" time="0.003"/>
  <testcase classname="testingFlag.Flage3_1" name="g" time="0.003"/>
  <testcase classname="testingFlag.Flage3_1" name="k" time="0.003"/>
  <testcase classname="testingFlag.Flage3_1" name="l" time="0.003"/>
  <testcase classname="testingFlag.Flage3_1" name="h" time="0.005"/>
  <testcase classname="testingFlag.Flage3_1" name="p" time="0.008"/>
  <testcase classname="testingFlag.Flage3_1" name="m" time="0.002"/>
</testsuite> <!-- Test -->
