<?xml version="1.0" encoding="UTF-8"?>
<!-- Generated by org.testng.reporters.JUnitXMLReporter -->
<testsuite ignored="6" hostname="DESKTOP-50LD4CB" failures="0" tests="1" name="Default test(failed)(failed)" time="0.077" errors="0" timestamp="2023-03-28T00:01:07 IST">
  <testcase classname="testNG_Annotation.testAnnotations" name="f" time="0.012"/>
  <testcase classname="testNG_Annotation.testAnnotations" name="bhat" time="0.0">
    <ignored/>
  </testcase> <!-- bhat -->
  <testcase classname="testNG_Annotation.testAnnotations" name="rushi" time="0.0">
    <ignored/>
  </testcase> <!-- rushi -->
  <testcase classname="testNG_Annotation.testAnnotations" name="wakad" time="0.0">
    <ignored/>
  </testcase> <!-- wakad -->
  <testcase classname="testNG_Annotation.testAnnotations" name="g" time="0.0">
    <ignored/>
  </testcase> <!-- g -->
  <testcase classname="testNG_Annotation.testAnnotations" name="h" time="0.0">
    <ignored/>
  </testcase> <!-- h -->
  <testcase classname="testNG_Annotation.testAnnotations" name="i" time="0.0">
    <ignored/>
  </testcase> <!-- i -->
</testsuite> <!-- Default test(failed)(failed) -->
